This is pdfTeX, Version 3.14159265-2.6-1.40.20 (MiKTeX 2.9.7140 64-bit) (preloaded format=pdflatex 2019.5.4)  24 OCT 2019 15:29
entering extended mode
**./guia.tex
(guia.tex
LaTeX2e <2018-12-01>
("C:\Program Files\MiKTeX 2.9\tex/latex/base\article.cls"
Document Class: article 2018/09/03 v1.4i Standard LaTeX document class
("C:\Program Files\MiKTeX 2.9\tex/latex/base\size11.clo"
File: size11.clo 2018/09/03 v1.4i Standard LaTeX file (size option)
)
\c@part=\count80
\c@section=\count81
\c@subsection=\count82
\c@subsubsection=\count83
\c@paragraph=\count84
\c@subparagraph=\count85
\c@figure=\count86
\c@table=\count87
\abovecaptionskip=\skip41
\belowcaptionskip=\skip42
\bibindent=\dimen102
)
("C:\Program Files\MiKTeX 2.9\tex/latex/booktabs\booktabs.sty"
Package: booktabs 2005/04/14 v1.61803 publication quality tables
\heavyrulewidth=\dimen103
\lightrulewidth=\dimen104
\cmidrulewidth=\dimen105
\belowrulesep=\dimen106
\belowbottomsep=\dimen107
\aboverulesep=\dimen108
\abovetopsep=\dimen109
\cmidrulesep=\dimen110
\cmidrulekern=\dimen111
\defaultaddspace=\dimen112
\@cmidla=\count88
\@cmidlb=\count89
\@aboverulesep=\dimen113
\@belowrulesep=\dimen114
\@thisruleclass=\count90
\@lastruleclass=\count91
\@thisrulewidth=\dimen115
)
("C:\Program Files\MiKTeX 2.9\tex/latex/psnfss\mathpazo.sty"
Package: mathpazo 2005/04/12 PSNFSS-v9.2a Palatino w/ Pazo Math (D.Puga, WaS) 
\symupright=\mathgroup4
)
("C:\Program Files\MiKTeX 2.9\tex/latex/base\inputenc.sty"
Package: inputenc 2018/08/11 v1.3c Input encoding file
\inpenc@prehook=\toks14
\inpenc@posthook=\toks15
)
("C:\Program Files\MiKTeX 2.9\tex/latex/base\fontenc.sty"
Package: fontenc 2018/08/11 v2.0j Standard LaTeX package

("C:\Program Files\MiKTeX 2.9\tex/latex/base\t1enc.def"
File: t1enc.def 2018/08/11 v2.0j Standard LaTeX file
LaTeX Font Info:    Redeclaring font encoding T1 on input line 48.
))
("C:\Program Files\MiKTeX 2.9\tex/latex/tools\tabularx.sty"
Package: tabularx 2016/02/03 v2.11b `tabularx' package (DPC)

("C:\Program Files\MiKTeX 2.9\tex/latex/tools\array.sty"
Package: array 2018/12/30 v2.4k Tabular extension package (FMi)
\col@sep=\dimen116
\ar@mcellbox=\box27
\extrarowheight=\dimen117
\NC@list=\toks16
\extratabsurround=\skip43
\backup@length=\skip44
\ar@cellbox=\box28
)
\TX@col@width=\dimen118
\TX@old@table=\dimen119
\TX@old@col=\dimen120
\TX@target=\dimen121
\TX@delta=\dimen122
\TX@cols=\count92
\TX@ftn=\toks17
)
("C:\Program Files\MiKTeX 2.9\tex/latex/float\float.sty"
Package: float 2001/11/08 v1.3d Float enhancements (AL)
\c@float@type=\count93
\float@exts=\toks18
\float@box=\box29
\@float@everytoks=\toks19
\@floatcapt=\box30
)
("C:\Program Files\MiKTeX 2.9\tex/latex/graphics\graphicx.sty"
Package: graphicx 2017/06/01 v1.1a Enhanced LaTeX Graphics (DPC,SPQR)

("C:\Program Files\MiKTeX 2.9\tex/latex/graphics\keyval.sty"
Package: keyval 2014/10/28 v1.15 key=value parser (DPC)
\KV@toks@=\toks20
)
("C:\Program Files\MiKTeX 2.9\tex/latex/graphics\graphics.sty"
Package: graphics 2017/06/25 v1.2c Standard LaTeX Graphics (DPC,SPQR)

("C:\Program Files\MiKTeX 2.9\tex/latex/graphics\trig.sty"
Package: trig 2016/01/03 v1.10 sin cos tan (DPC)
)
("C:\Program Files\MiKTeX 2.9\tex/latex/graphics-cfg\graphics.cfg"
File: graphics.cfg 2016/06/04 v1.11 sample graphics configuration
)
Package graphics Info: Driver file: pdftex.def on input line 99.

("C:\Program Files\MiKTeX 2.9\tex/latex/graphics-def\pdftex.def"
File: pdftex.def 2018/01/08 v1.0l Graphics/color driver for pdftex
))
\Gin@req@height=\dimen123
\Gin@req@width=\dimen124
)
("C:\Program Files\MiKTeX 2.9\tex/latex/csquotes\csquotes.sty"
Package: csquotes 2019/05/10 v5.2e context-sensitive quotations (JAW)

("C:\Program Files\MiKTeX 2.9\tex/latex/etoolbox\etoolbox.sty"
Package: etoolbox 2018/08/19 v2.5f e-TeX tools for LaTeX (JAW)
\etb@tempcnta=\count94
)
\csq@reset=\count95
\csq@gtype=\count96
\csq@glevel=\count97
\csq@qlevel=\count98
\csq@maxlvl=\count99
\csq@tshold=\count100
\csq@ltx@everypar=\toks21

("C:\Program Files\MiKTeX 2.9\tex/latex/csquotes\csquotes.def"
File: csquotes.def 2019/05/10 v5.2e csquotes generic definitions (JAW)
)
Package csquotes Info: Trying to load configuration file 'csquotes.cfg'...
Package csquotes Info: ... configuration file loaded successfully.

("C:\Program Files\MiKTeX 2.9\tex/latex/csquotes\csquotes.cfg"
File: csquotes.cfg 
))
("C:\Program Files\MiKTeX 2.9\tex/latex/multirow\multirow.sty"
Package: multirow 2019/05/31 v2.5 Span multiple rows of a table
\multirow@colwidth=\skip45
\multirow@cntb=\count101
\multirow@dima=\skip46
\bigstrutjot=\dimen125
)
Package csquotes Info: Checking for multilingual support...
Package csquotes Info: ... none found.


LaTeX Warning: Unused global option(s):
    [spanish].

(guia.aux)
\openout1 = `guia.aux'.

LaTeX Font Info:    Checking defaults for OML/cmm/m/it on input line 30.
LaTeX Font Info:    ... okay on input line 30.
LaTeX Font Info:    Checking defaults for T1/cmr/m/n on input line 30.
LaTeX Font Info:    ... okay on input line 30.
LaTeX Font Info:    Checking defaults for OT1/cmr/m/n on input line 30.
LaTeX Font Info:    ... okay on input line 30.
LaTeX Font Info:    Checking defaults for OMS/cmsy/m/n on input line 30.
LaTeX Font Info:    ... okay on input line 30.
LaTeX Font Info:    Checking defaults for OMX/cmex/m/n on input line 30.
LaTeX Font Info:    ... okay on input line 30.
LaTeX Font Info:    Checking defaults for U/cmr/m/n on input line 30.
LaTeX Font Info:    ... okay on input line 30.
LaTeX Font Info:    Try loading font information for T1+ppl on input line 30.
 ("C:\Program Files\MiKTeX 2.9\tex/latex/psnfss\t1ppl.fd"
File: t1ppl.fd 2001/06/04 font definitions for T1/ppl.
)
\big@size=\dimen126

("C:\Program Files\MiKTeX 2.9\tex/context/base/mkii\supp-pdf.mkii"
[Loading MPS to PDF converter (version 2006.09.02).]
\scratchcounter=\count102
\scratchdimen=\dimen127
\scratchbox=\box31
\nofMPsegments=\count103
\nofMParguments=\count104
\everyMPshowfont=\toks22
\MPscratchCnt=\count105
\MPscratchDim=\dimen128
\MPnumerator=\count106
\makeMPintoPDFobject=\count107
\everyMPtoPDFconversion=\toks23
) ("C:\Program Files\MiKTeX 2.9\tex/latex/oberdiek\epstopdf-base.sty"
Package: epstopdf-base 2016/05/15 v2.6 Base part for package epstopdf

("C:\Program Files\MiKTeX 2.9\tex/generic/oberdiek\infwarerr.sty"
Package: infwarerr 2016/05/16 v1.4 Providing info/warning/error messages (HO)
)
("C:\Program Files\MiKTeX 2.9\tex/latex/oberdiek\grfext.sty"
Package: grfext 2016/05/16 v1.2 Manage graphics extensions (HO)

("C:\Program Files\MiKTeX 2.9\tex/generic/oberdiek\kvdefinekeys.sty"
Package: kvdefinekeys 2016/05/16 v1.4 Define keys (HO)

("C:\Program Files\MiKTeX 2.9\tex/generic/oberdiek\ltxcmds.sty"
Package: ltxcmds 2016/05/16 v1.23 LaTeX kernel commands for general use (HO)
)))
("C:\Program Files\MiKTeX 2.9\tex/latex/oberdiek\kvoptions.sty"
Package: kvoptions 2016/05/16 v3.12 Key value format for package options (HO)

("C:\Program Files\MiKTeX 2.9\tex/generic/oberdiek\kvsetkeys.sty"
Package: kvsetkeys 2016/05/16 v1.17 Key value parser (HO)

("C:\Program Files\MiKTeX 2.9\tex/generic/oberdiek\etexcmds.sty"
Package: etexcmds 2016/05/16 v1.6 Avoid name clashes with e-TeX commands (HO)

("C:\Program Files\MiKTeX 2.9\tex/generic/oberdiek\ifluatex.sty"
Package: ifluatex 2016/05/16 v1.4 Provides the ifluatex switch (HO)
Package ifluatex Info: LuaTeX not detected.
))))
("C:\Program Files\MiKTeX 2.9\tex/generic/oberdiek\pdftexcmds.sty"
Package: pdftexcmds 2019/07/25 v0.30 Utility functions of pdfTeX for LuaTeX (HO
)

("C:\Program Files\MiKTeX 2.9\tex/generic/oberdiek\ifpdf.sty"
Package: ifpdf 2018/09/07 v3.3 Provides the ifpdf switch
)
Package pdftexcmds Info: LuaTeX not detected.
Package pdftexcmds Info: \pdf@primitive is available.
Package pdftexcmds Info: \pdf@ifprimitive is available.
Package pdftexcmds Info: \pdfdraftmode found.
)
Package epstopdf-base Info: Redefining graphics rule for `.eps' on input line 4
38.
Package grfext Info: Graphics extension search list:
(grfext)             [.pdf,.png,.jpg,.mps,.jpeg,.jbig2,.jb2,.PDF,.PNG,.JPG,.JPE
G,.JBIG2,.JB2,.eps]
(grfext)             \AppendGraphicsExtensions on input line 456.
)
LaTeX Font Info:    Try loading font information for OT1+ppl on input line 32.

("C:\Program Files\MiKTeX 2.9\tex/latex/psnfss\ot1ppl.fd"
File: ot1ppl.fd 2001/06/04 font definitions for OT1/ppl.
)
LaTeX Font Info:    Try loading font information for OML+zplm on input line 32.


("C:\Program Files\MiKTeX 2.9\tex/latex/psnfss\omlzplm.fd"
File: omlzplm.fd 2002/09/08 Fontinst v1.914 font definitions for OML/zplm.
)
LaTeX Font Info:    Try loading font information for OMS+zplm on input line 32.


("C:\Program Files\MiKTeX 2.9\tex/latex/psnfss\omszplm.fd"
File: omszplm.fd 2002/09/08 Fontinst v1.914 font definitions for OMS/zplm.
)
LaTeX Font Info:    Try loading font information for OMX+zplm on input line 32.


("C:\Program Files\MiKTeX 2.9\tex/latex/psnfss\omxzplm.fd"
File: omxzplm.fd 2002/09/08 Fontinst v1.914 font definitions for OMX/zplm.
)
LaTeX Font Info:    Try loading font information for OT1+zplm on input line 32.


("C:\Program Files\MiKTeX 2.9\tex/latex/psnfss\ot1zplm.fd"
File: ot1zplm.fd 2002/09/08 Fontinst v1.914 font definitions for OT1/zplm.
)
LaTeX Font Info:    Font shape `T1/ppl/bx/n' in size <14.4> not available
(Font)              Font shape `T1/ppl/b/n' tried instead on input line 35.
 (guia.toc
LaTeX Font Info:    Font shape `T1/ppl/bx/n' in size <10.95> not available
(Font)              Font shape `T1/ppl/b/n' tried instead on input line 1.
)
\tf@toc=\write3
\openout3 = `guia.toc'.

 [1

{C:/Users/felip/AppData/Local/MiKTeX/2.9/pdftex/config/pdftex.map}]
<conexion_mcu_placa_alimentacion.pdf, id=7, 246.9225pt x 115.43124pt>
File: conexion_mcu_placa_alimentacion.pdf Graphic file (type pdf)
<use conexion_mcu_placa_alimentacion.pdf>
Package pdftex.def Info: conexion_mcu_placa_alimentacion.pdf  used on input lin
e 48.
(pdftex.def)             Requested size: 246.92188pt x 115.43095pt.


LaTeX Warning: Citation `ESP8266SYSDESCRIPTION' on page 2 undefined on input li
ne 53.

[2 <./conexion_mcu_placa_alimentacion.pdf>] [3] [4]
Underfull \hbox (badness 10000) in paragraph at lines 143--144

 []

LaTeX Font Info:    Try loading font information for T1+cmtt on input line 145.

("C:\Program Files\MiKTeX 2.9\tex/latex/base\t1cmtt.fd"
File: t1cmtt.fd 2014/09/29 v2.5h Standard LaTeX font definitions
)
Underfull \hbox (badness 10000) in paragraph at lines 146--149

 []

LaTeX Font Info:    Try loading font information for OMS+ppl on input line 152.

("C:\Program Files\MiKTeX 2.9\tex/latex/psnfss\omsppl.fd"
File: omsppl.fd 
)
LaTeX Font Info:    Font shape `OMS/ppl/m/n' in size <10.95> not available
(Font)              Font shape `OMS/cmsy/m/n' tried instead on input line 152.

Overfull \hbox (14.34763pt too wide) in paragraph at lines 158--160
[]\T1/cmtt/m/n/10.95 <parámetro1>,<parámetro2>, . . ,<parámetroN>  \T1/ppl/m/n/
10.95 son los parámet-
 []

[5]
LaTeX Font Info:    Font shape `T1/ppl/bx/n' in size <12> not available
(Font)              Font shape `T1/ppl/b/n' tried instead on input line 183.

Overfull \hbox (19.3499pt too wide) in paragraph at lines 187--200
 [][] 
 []

[6]
Overfull \hbox (19.3499pt too wide) in paragraph at lines 219--232
 [][] 
 []


Overfull \hbox (20.12285pt too wide) in paragraph at lines 248--261
 [][] 
 []

[7]
Overfull \hbox (19.3499pt too wide) in paragraph at lines 278--298
 [][] 
 []


Overfull \hbox (19.3499pt too wide) in paragraph at lines 324--339
 [][] 
 []

[8]
Overfull \hbox (19.3499pt too wide) in paragraph at lines 363--378
 [][] 
 []


Overfull \hbox (19.3499pt too wide) in paragraph at lines 402--415
 [][] 
 []

[9]
Overfull \hbox (16.81396pt too wide) in paragraph at lines 448--468
 [][] 
 []


Overfull \hbox (19.3499pt too wide) in paragraph at lines 501--524
 [][] 
 []

[10]
Overfull \hbox (19.3499pt too wide) in paragraph at lines 556--572
 [][] 
 []


Overfull \hbox (19.3499pt too wide) in paragraph at lines 595--613
 [][] 
 []

[11]
Overfull \hbox (19.3499pt too wide) in paragraph at lines 643--672
 [][] 
 []

[12]
Overfull \hbox (19.3499pt too wide) in paragraph at lines 710--726
 [][] 
 []

[13]
Overfull \hbox (19.3499pt too wide) in paragraph at lines 749--778
 [][] 
 []


Overfull \hbox (19.3499pt too wide) in paragraph at lines 817--842
 [][] 
 []

[14]
Overfull \hbox (19.3499pt too wide) in paragraph at lines 880--900
 [][] 
 []


Overfull \hbox (19.3499pt too wide) in paragraph at lines 932--947
 [][] 
 []

[15]
Overfull \hbox (19.3499pt too wide) in paragraph at lines 970--985
 [][] 
 []


Overfull \hbox (19.3499pt too wide) in paragraph at lines 1008--1023
 [][] 
 []


Overfull \hbox (19.3499pt too wide) in paragraph at lines 1046--1064
 [][] 
 []

[16]
Overfull \hbox (19.3499pt too wide) in paragraph at lines 1097--1112
 [][] 
 []


Overfull \hbox (19.3499pt too wide) in paragraph at lines 1136--1151
 [][] 
 []

[17]
Overfull \hbox (19.3499pt too wide) in paragraph at lines 1176--1191
 [][] 
 []

LaTeX Font Info:    Font shape `T1/cmtt/bx/n' in size <10.95> not available
(Font)              Font shape `T1/cmtt/m/n' tried instead on input line 1226.

Overfull \hbox (42.75633pt too wide) in paragraph at lines 1218--1235
 [][] 
 []

[18]
Overfull \hbox (19.3499pt too wide) in paragraph at lines 1263--1279
 [][] 
 []


Overfull \hbox (19.3499pt too wide) in paragraph at lines 1306--1333
 [][] 
 []

[19]
Overfull \hbox (19.3499pt too wide) in paragraph at lines 1374--1403
 [][] 
 []

[20]
Overfull \hbox (4.7768pt too wide) in paragraph at lines 1451--1451
[]|  
 []


Overfull \hbox (19.3499pt too wide) in paragraph at lines 1441--1463
 [][] 
 []

[21]
Overfull \hbox (19.3499pt too wide) in paragraph at lines 1500--1519
 [][] 
 []

[22]
Overfull \hbox (19.3499pt too wide) in paragraph at lines 1547--1563
 [][] 
 []


Overfull \hbox (19.3499pt too wide) in paragraph at lines 1582--1595
 [][] 
 []


Overfull \hbox (9.3046pt too wide) in paragraph at lines 1628--1628
[]  \T1/cmtt/m/n/10.95 0,socket_pasivo\n|  
 []


Overfull \hbox (19.3499pt too wide) in paragraph at lines 1616--1637
 [][] 
 []

[23]
Overfull \hbox (19.3499pt too wide) in paragraph at lines 1667--1693
 [][] 
 []

[24]
Overfull \hbox (19.3499pt too wide) in paragraph at lines 1727--1744
 [][] 
 []

[25]
Overfull \hbox (19.3499pt too wide) in paragraph at lines 1770--1791
 [][] 
 []


Overfull \hbox (19.3499pt too wide) in paragraph at lines 1822--1849
 [][] 
 []

[26]
Overfull \hbox (4.7768pt too wide) in paragraph at lines 1894--1894
[]|  
 []


Overfull \hbox (19.3499pt too wide) in paragraph at lines 1884--1902
 [][] 
 []

[27]
Overfull \hbox (19.3499pt too wide) in paragraph at lines 1934--1951
 [][] 
 []


Overfull \hbox (19.3499pt too wide) in paragraph at lines 1977--1994
 [][] 
 []

[28] [29] (guia.aux)

LaTeX Warning: There were undefined references.

 ) 
Here is how much of TeX's memory you used:
 3058 strings out of 492897
 42882 string characters out of 3133499
 125647 words of memory out of 3000000
 6903 multiletter control sequences out of 15000+200000
 35606 words of font info for 76 fonts, out of 3000000 for 9000
 1141 hyphenation exceptions out of 8191
 41i,12n,25p,858b,267s stack positions out of 5000i,500n,10000p,200000b,50000s
 <C:\Users\felip\AppData\Local\MiKTeX\2.9\fonts/pk/ljfour/jknappen/ec/dpi600\
ectt1095.pk>{C:/Program Files/MiKTeX 2.9/fonts/enc/dvips/base/8r.enc}<C:/Progra
m Files/MiKTeX 2.9/fonts/type1/public/amsfonts/cm/cmsy10.pfb><C:/Program Files/
MiKTeX 2.9/fonts/type1/urw/palatino/uplb8a.pfb><C:/Program Files/MiKTeX 2.9/fon
ts/type1/urw/palatino/uplr8a.pfb><C:/Program Files/MiKTeX 2.9/fonts/type1/urw/p
alatino/uplri8a.pfb>
Output written on guia.pdf (29 pages, 197438 bytes).
PDF statistics:
 189 PDF objects out of 1000 (max. 8388607)
 0 named destinations out of 1000 (max. 500000)
 6 words of extra memory for PDF output out of 10000 (max. 10000000)

